<?xml version="1.0" encoding="UTF-8"?>
<robot generator="Robot 4.0.1 (Python 3.6.9 on linux)" generated="20210414 15:28:25.425" rpa="false" schemaversion="2">
<suite id="s1" name="Test" source="/home/shecodes/PycharmProjects/robotframework/test.robot">
<test id="s1-t1" name="Lunch Browser">
<kw name="Open Browser" library="SeleniumLibrary">
<arg>${URL}</arg>
<arg>${Browser}</arg>
<doc>Opens a new browser instance to the optional ``url``.</doc>
<msg timestamp="20210414 15:28:25.977" level="INFO">Opening browser 'Chrome' to base url 'https://lamp-frontend.herokuapp.com'.</msg>
<status status="PASS" starttime="20210414 15:28:25.976" endtime="20210414 15:30:09.876"/>
</kw>
<kw name="Maximize Browser Window" library="SeleniumLibrary">
<doc>Maximizes current browser window.</doc>
<status status="PASS" starttime="20210414 15:30:09.877" endtime="20210414 15:30:10.064"/>
</kw>
<status status="PASS" starttime="20210414 15:28:25.975" endtime="20210414 15:30:10.065"/>
</test>
<test id="s1-t2" name="login into the site">
<kw name="Wait Until Page Contains GET STARTED">
<msg timestamp="20210414 15:30:10.073" level="FAIL">No keyword with name 'Wait Until Page Contains GET STARTED' found.</msg>
<status status="FAIL" starttime="20210414 15:30:10.073" endtime="20210414 15:30:10.074"/>
</kw>
<kw name="Page Should Contain" library="SeleniumLibrary">
<arg>GET STARTED</arg>
<doc>Verifies that current page contains ``text``.</doc>
<status status="NOT RUN" starttime="20210414 15:30:10.074" endtime="20210414 15:30:10.074"/>
</kw>
<kw name="Sleep" library="BuiltIn">
<arg>5s</arg>
<doc>Pauses the test executed for the given time.</doc>
<status status="NOT RUN" starttime="20210414 15:30:10.074" endtime="20210414 15:30:10.075"/>
</kw>
<kw name="Click Element" library="SeleniumLibrary">
<arg>css=button[class='action-text btn-scroll mr-3 v-btn v-btn--outlined theme--dark v-size--default'] .v-btn__content</arg>
<doc>Click the element identified by ``locator``.</doc>
<status status="NOT RUN" starttime="20210414 15:30:10.075" endtime="20210414 15:30:10.075"/>
</kw>
<status status="FAIL" starttime="20210414 15:30:10.065" endtime="20210414 15:30:10.075">No keyword with name 'Wait Until Page Contains GET STARTED' found.</status>
</test>
<test id="s1-t3" name="Terminate Browser instance">
<kw name="Close Browser" library="SeleniumLibrary">
<doc>Closes the current browser.</doc>
<status status="PASS" starttime="20210414 15:30:10.077" endtime="20210414 15:30:10.162"/>
</kw>
<status status="PASS" starttime="20210414 15:30:10.076" endtime="20210414 15:30:10.163"/>
</test>
<doc>Testing what robot can do</doc>
<status status="FAIL" starttime="20210414 15:28:25.427" endtime="20210414 15:30:10.164"/>
</suite>
<statistics>
<total>
<stat pass="2" fail="1" skip="0">All Tests</stat>
</total>
<tag>
</tag>
<suite>
<stat pass="2" fail="1" skip="0" id="s1" name="Test">Test</stat>
</suite>
</statistics>
<errors>
</errors>
</robot>
